{"meta": {"format": 3, "version": "7.14.1", "timestamp": "2026-07-01T22:11:02.889751", "branch_coverage": true, "show_contexts": false}, "files": {"orders\\__init__.py": {"executed_lines": [], "summary": {"covered_lines": 0, "num_statements": 0, "percent_covered": 100.0, "percent_covered_display": "100.00", "missing_lines": 0, "excluded_lines": 0, "percent_statements_covered": 100.0, "percent_statements_covered_display": "100.00", "num_branches": 0, "num_partial_branches": 0, "covered_branches": 0, "missing_branches": 0, "percent_branches_covered": 100.0, "percent_branches_covered_display": "100.00"}, "missing_lines": [], "excluded_lines": [], "executed_branches": [], "missing_branches": [], "functions": {"": {"executed_lines": [], "summary": {"covered_lines": 0, "num_statements": 0, "percent_covered": 100.0, "percent_covered_display": "100.00", "missing_lines": 0, "excluded_lines": 0, "percent_statements_covered": 100.0, "percent_statements_covered_display": "100.00", "num_branches": 0, "num_partial_branches": 0, "covered_branches": 0, "missing_branches": 0, "percent_branches_covered": 100.0, "percent_branches_covered_display": "100.00"}, "missing_lines": [], "excluded_lines": [], "start_line": 1, "executed_branches": [], "missing_branches": []}}, "classes": {"": {"executed_lines": [], "summary": {"covered_lines": 0, "num_statements": 0, "percent_covered": 100.0, "percent_covered_display": "100.00", "missing_lines": 0, "excluded_lines": 0, "percent_statements_covered": 100.0, "percent_statements_covered_display": "100.00", "num_branches": 0, "num_partial_branches": 0, "covered_branches": 0, "missing_branches": 0, "percent_branches_covered": 100.0, "percent_branches_covered_display": "100.00"}, "missing_lines": [], "excluded_lines": [], "start_line": 1, "executed_branches": [], "missing_branches": []}}}, "orders\\admin.py": {"executed_lines": [1, 3, 6, 7, 8, 19, 20, 23, 24, 25, 38, 39, 41, 44, 45, 46, 49, 50, 51, 52, 55, 56, 57, 58, 59, 60], "summary": {"covered_lines": 26, "num_statements": 26, "percent_covered": 100.0, "percent_covered_display": "100.00", "missing_lines": 0, "excluded_lines": 0, "percent_statements_covered": 100.0, "percent_statements_covered_display": "100.00", "num_branches": 0, "num_partial_branches": 0, "covered_branches": 0, "missing_branches": 0, "percent_branches_covered": 100.0, "percent_branches_covered_display": "100.00"}, "missing_lines": [], "excluded_lines": [], "executed_branches": [], "missing_branches": [], "functions": {"": {"executed_lines": [1, 3, 6, 7, 8, 19, 20, 23, 24, 25, 38, 39, 41, 44, 45, 46, 49, 50, 51, 52, 55, 56, 57, 58, 59, 60], "summary": {"covered_lines": 26, "num_statements": 26, "percent_covered": 100.0, "percent_covered_display": "100.00", "missing_lines": 0, "excluded_lines": 0, "percent_statements_covered": 100.0, "percent_statements_covered_display": "100.00", "num_branches": 0, "num_partial_branches": 0, "covered_branches": 0, "missing_branches": 0, "percent_branches_covered": 100.0, "percent_branches_covered_display": "100.00"}, "missing_lines": [], "excluded_lines": [], "start_line": 1, "executed_branches": [], "missing_branches": []}}, "classes": {"DiscountCodeAdmin": {"executed_lines": [], "summary": {"covered_lines": 0, "num_statements": 0, "percent_covered": 100.0, "percent_covered_display": "100.00", "missing_lines": 0, "excluded_lines": 0, "percent_statements_covered": 100.0, "percent_statements_covered_display": "100.00", "num_branches": 0, "num_partial_branches": 0, "covered_branches": 0, "missing_branches": 0, "percent_branches_covered": 100.0, "percent_branches_covered_display": "100.00"}, "missing_lines": [], "excluded_lines": [], "start_line": 7, "executed_branches": [], "missing_branches": []}, "OrderAdmin": {"executed_lines": [], "summary": {"covered_lines": 0, "num_statements": 0, "percent_covered": 100.0, "percent_covered_display": "100.00", "missing_lines": 0, "excluded_lines": 0, "percent_statements_covered": 100.0, "percent_statements_covered_display": "100.00", "num_branches": 0, "num_partial_branches": 0, "covered_branches": 0, "missing_branches": 0, "percent_branches_covered": 100.0, "percent_branches_covered_display": "100.00"}, "missing_lines": [], "excluded_lines": [], "start_line": 24, "executed_branches": [], "missing_branches": []}, "OrderItemAdmin": {"executed_lines": [], "summary": {"covered_lines": 0, "num_statements": 0, "percent_covered": 100.0, "percent_covered_display": "100.00", "missing_lines": 0, "excluded_lines": 0, "percent_statements_covered": 100.0, "percent_statements_covered_display": "100.00", "num_branches": 0, "num_partial_branches": 0, "covered_branches": 0, "missing_branches": 0, "percent_branches_covered": 100.0, "percent_branches_covered_display": "100.00"}, "missing_lines": [], "excluded_lines": [], "start_line": 45, "executed_branches": [], "missing_branches": []}, "ShippingAdmin": {"executed_lines": [], "summary": {"covered_lines": 0, "num_statements": 0, "percent_covered": 100.0, "percent_covered_display": "100.00", "missing_lines": 0, "excluded_lines": 0, "percent_statements_covered": 100.0, "percent_statements_covered_display": "100.00", "num_branches": 0, "num_partial_branches": 0, "covered_branches": 0, "missing_branches": 0, "percent_branches_covered": 100.0, "percent_branches_covered_display": "100.00"}, "missing_lines": [], "excluded_lines": [], "start_line": 50, "executed_branches": [], "missing_branches": []}, "ReturnRequestAdmin": {"executed_lines": [], "summary": {"covered_lines": 0, "num_statements": 0, "percent_covered": 100.0, "percent_covered_display": "100.00", "missing_lines": 0, "excluded_lines": 0, "percent_statements_covered": 100.0, "percent_statements_covered_display": "100.00", "num_branches": 0, "num_partial_branches": 0, "covered_branches": 0, "missing_branches": 0, "percent_branches_covered": 100.0, "percent_branches_covered_display": "100.00"}, "missing_lines": [], "excluded_lines": [], "start_line": 56, "executed_branches": [], "missing_branches": []}, "": {"executed_lines": [1, 3, 6, 7, 8, 19, 20, 23, 24, 25, 38, 39, 41, 44, 45, 46, 49, 50, 51, 52, 55, 56, 57, 58, 59, 60], "summary": {"covered_lines": 26, "num_statements": 26, "percent_covered": 100.0, "percent_covered_display": "100.00", "missing_lines": 0, "excluded_lines": 0, "percent_statements_covered": 100.0, "percent_statements_covered_display": "100.00", "num_branches": 0, "num_partial_branches": 0, "covered_branches": 0, "missing_branches": 0, "percent_branches_covered": 100.0, "percent_branches_covered_display": "100.00"}, "missing_lines": [], "excluded_lines": [], "start_line": 1, "executed_branches": [], "missing_branches": []}}}, "orders\\apps.py": {"executed_lines": [1, 4, 5], "summary": {"covered_lines": 3, "num_statements": 3, "percent_covered": 100.0, "percent_covered_display": "100.00", "missing_lines": 0, "excluded_lines": 0, "percent_statements_covered": 100.0, "percent_statements_covered_display": "100.00", "num_branches": 0, "num_partial_branches": 0, "covered_branches": 0, "missing_branches": 0, "percent_branches_covered": 100.0, "percent_branches_covered_display": "100.00"}, "missing_lines": [], "excluded_lines": [], "executed_branches": [], "missing_branches": [], "functions": {"": {"executed_lines": [1, 4, 5], "summary": {"covered_lines": 3, "num_statements": 3, "percent_covered": 100.0, "percent_covered_display": "100.00", "missing_lines": 0, "excluded_lines": 0, "percent_statements_covered": 100.0, "percent_statements_covered_display": "100.00", "num_branches": 0, "num_partial_branches": 0, "covered_branches": 0, "missing_branches": 0, "percent_branches_covered": 100.0, "percent_branches_covered_display": "100.00"}, "missing_lines": [], "excluded_lines": [], "start_line": 1, "executed_branches": [], "missing_branches": []}}, "classes": {"OrdersConfig": {"executed_lines": [], "summary": {"covered_lines": 0, "num_statements": 0, "percent_covered": 100.0, "percent_covered_display": "100.00", "missing_lines": 0, "excluded_lines": 0, "percent_statements_covered": 100.0, "percent_statements_covered_display": "100.00", "num_branches": 0, "num_partial_branches": 0, "covered_branches": 0, "missing_branches": 0, "percent_branches_covered": 100.0, "percent_branches_covered_display": "100.00"}, "missing_lines": [], "excluded_lines": [], "start_line": 4, "executed_branches": [], "missing_branches": []}, "": {"executed_lines": [1, 4, 5], "summary": {"covered_lines": 3, "num_statements": 3, "percent_covered": 100.0, "percent_covered_display": "100.00", "missing_lines": 0, "excluded_lines": 0, "percent_statements_covered": 100.0, "percent_statements_covered_display": "100.00", "num_branches": 0, "num_partial_branches": 0, "covered_branches": 0, "missing_branches": 0, "percent_branches_covered": 100.0, "percent_branches_covered_display": "100.00"}, "missing_lines": [], "excluded_lines": [], "start_line": 1, "executed_branches": [], "missing_branches": []}}}, "orders\\constants.py": {"executed_lines": [1, 3], "summary": {"covered_lines": 2, "num_statements": 2, "percent_covered": 100.0, "percent_covered_display": "100.00", "missing_lines": 0, "excluded_lines": 0, "percent_statements_covered": 100.0, "percent_statements_covered_display": "100.00", "num_branches": 0, "num_partial_branches": 0, "covered_branches": 0, "missing_branches": 0, "percent_branches_covered": 100.0, "percent_branches_covered_display": "100.00"}, "missing_lines": [], "excluded_lines": [], "executed_branches": [], "missing_branches": [], "functions": {"": {"executed_lines": [1, 3], "summary": {"covered_lines": 2, "num_statements": 2, "percent_covered": 100.0, "percent_covered_display": "100.00", "missing_lines": 0, "excluded_lines": 0, "percent_statements_covered": 100.0, "percent_statements_covered_display": "100.00", "num_branches": 0, "num_partial_branches": 0, "covered_branches": 0, "missing_branches": 0, "percent_branches_covered": 100.0, "percent_branches_covered_display": "100.00"}, "missing_lines": [], "excluded_lines": [], "start_line": 1, "executed_branches": [], "missing_branches": []}}, "classes": {"": {"executed_lines": [1, 3], "summary": {"covered_lines": 2, "num_statements": 2, "percent_covered": 100.0, "percent_covered_display": "100.00", "missing_lines": 0, "excluded_lines": 0, "percent_statements_covered": 100.0, "percent_statements_covered_display": "100.00", "num_branches": 0, "num_partial_branches": 0, "covered_branches": 0, "missing_branches": 0, "percent_branches_covered": 100.0, "percent_branches_covered_display": "100.00"}, "missing_lines": [], "excluded_lines": [], "start_line": 1, "executed_branches": [], "missing_branches": []}}}, "orders\\mail.py": {"executed_lines": [3, 4, 6, 7, 8, 10, 13, 14, 15, 18, 24, 97, 98, 101, 103, 104, 109, 110, 111, 115, 121, 122, 131, 133, 134, 145, 147, 150, 152, 153, 161, 162, 163, 170, 178, 179, 187, 189, 190], "summary": {"covered_lines": 39, "num_statements": 99, "percent_covered": 37.391304347826086, "percent_covered_display": "37.39", "missing_lines": 60, "excluded_lines": 0, "percent_statements_covered": 39.39393939393939, "percent_statements_covered_display": "39.39", "num_branches": 16, "num_partial_branches": 4, "covered_branches": 4, "missing_branches": 12, "percent_branches_covered": 25.0, "percent_branches_covered_display": "25.00"}, "missing_lines": [19, 20, 21, 25, 26, 28, 30, 31, 35, 36, 37, 39, 40, 41, 42, 43, 45, 46, 47, 48, 50, 51, 54, 55, 56, 57, 58, 60, 74, 75, 76, 77, 78, 83, 85, 86, 93, 94, 99, 105, 106, 107, 112, 113, 123, 124, 125, 141, 142, 148, 154, 155, 159, 164, 168, 180, 181, 182, 197, 198], "excluded_lines": [], "executed_branches": [[98, 101], [111, 115], [147, 150], [163, 170]], "missing_branches": [[19, 20], [19, 21], [25, 26], [25, 28], [41, 42], [41, 45], [51, 54], [51, 60], [98, 99], [111, 112], [147, 148], [163, 164]], "functions": {"_orders_page_url": {"executed_lines": [14, 15], "summary": {"covered_lines": 2, "num_statements": 2, "percent_covered": 100.0, "percent_covered_display": "100.00", "missing_lines": 0, "excluded_lines": 0, "percent_statements_covered": 100.0, "percent_statements_covered_display": "100.00", "num_branches": 0, "num_partial_branches": 0, "covered_branches": 0, "missing_branches": 0, "percent_branches_covered": 100.0, "percent_branches_covered_display": "100.00"}, "missing_lines": [], "excluded_lines": [], "start_line": 13, "executed_branches": [], "missing_branches": []}, "_fmt_vnd": {"executed_lines": [], "summary": {"covered_lines": 0, "num_statements": 3, "percent_covered": 0.0, "percent_covered_display": "0.00", "missing_lines": 3, "excluded_lines": 0, "percent_statements_covered": 0.0, "percent_statements_covered_display": "0.00", "num_branches": 2, "num_partial_branches": 0, "covered_branches": 0, "missing_branches": 2, "percent_branches_covered": 0.0, "percent_branches_covered_display": "0.00"}, "missing_lines": [19, 20, 21], "excluded_lines": [], "start_line": 18, "executed_branches": [], "missing_branches": [[19, 20], [19, 21]]}, "send_order_confirmation_email": {"executed_lines": [], "summary": {"covered_lines": 0, "num_statements": 35, "percent_covered": 0.0, "percent_covered_display": "0.00", "missing_lines": 35, "excluded_lines": 0, "percent_statements_covered": 0.0, "percent_statements_covered_display": "0.00", "num_branches": 6, "num_partial_branches": 0, "covered_branches": 0, "missing_branches": 6, "percent_branches_covered": 0.0, "percent_branches_covered_display": "0.00"}, "missing_lines": [25, 26, 28, 30, 31, 35, 36, 37, 39, 40, 41, 42, 43, 45, 46, 47, 48, 50, 51, 54, 55, 56, 57, 58, 60, 74, 75, 76, 77, 78, 83, 85, 86, 93, 94], "excluded_lines": [], "start_line": 24, "executed_branches": [], "missing_branches": [[25, 26], [25, 28], [41, 42], [41, 45], [51, 54], [51, 60]]}, "send_order_shipped_email": {"executed_lines": [98, 101, 103, 104, 109, 110, 111, 115, 121, 122, 131, 133, 134], "summary": {"covered_lines": 13, "num_statements": 24, "percent_covered": 53.57142857142857, "percent_covered_display": "53.57", "missing_lines": 11, "excluded_lines": 0, "percent_statements_covered": 54.166666666666664, "percent_statements_covered_display": "54.17", "num_branches": 4, "num_partial_branches": 2, "covered_branches": 2, "missing_branches": 2, "percent_branches_covered": 50.0, "percent_branches_covered_display": "50.00"}, "missing_lines": [99, 105, 106, 107, 112, 113, 123, 124, 125, 141, 142], "excluded_lines": [], "start_line": 97, "executed_branches": [[98, 101], [111, 115]], "missing_branches": [[98, 99], [111, 112]]}, "send_return_refund_completed_email": {"executed_lines": [147, 150, 152, 153, 161, 162, 163, 170, 178, 179, 187, 189, 190], "summary": {"covered_lines": 13, "num_statements": 24, "percent_covered": 53.57142857142857, "percent_covered_display": "53.57", "missing_lines": 11, "excluded_lines": 0, "percent_statements_covered": 54.166666666666664, "percent_statements_covered_display": "54.17", "num_branches": 4, "num_partial_branches": 2, "covered_branches": 2, "missing_branches": 2, "percent_branches_covered": 50.0, "percent_branches_covered_display": "50.00"}, "missing_lines": [148, 154, 155, 159, 164, 168, 180, 181, 182, 197, 198], "excluded_lines": [], "start_line": 145, "executed_branches": [[147, 150], [163, 170]], "missing_branches": [[147, 148], [163, 164]]}, "": {"executed_lines": [3, 4, 6, 7, 8, 10, 13, 18, 24, 97, 145], "summary": {"covered_lines": 11, "num_statements": 11, "percent_covered": 100.0, "percent_covered_display": "100.00", "missing_lines": 0, "excluded_lines": 0, "percent_statements_covered": 100.0, "percent_statements_covered_display": "100.00", "num_branches": 0, "num_partial_branches": 0, "covered_branches": 0, "missing_branches": 0, "percent_branches_covered": 100.0, "percent_branches_covered_display": "100.00"}, "missing_lines": [], "excluded_lines": [], "start_line": 1, "executed_branches": [], "missing_branches": []}}, "classes": {"": {"executed_lines": [3, 4, 6, 7, 8, 10, 13, 14, 15, 18, 24, 97, 98, 101, 103, 104, 109, 110, 111, 115, 121, 122, 131, 133, 134, 145, 147, 150, 152, 153, 161, 162, 163, 170, 178, 179, 187, 189, 190], "summary": {"covered_lines": 39, "num_statements": 99, "percent_covered": 37.391304347826086, "percent_covered_display": "37.39", "missing_lines": 60, "excluded_lines": 0, "percent_statements_covered": 39.39393939393939, "percent_statements_covered_display": "39.39", "num_branches": 16, "num_partial_branches": 4, "covered_branches": 4, "missing_branches": 12, "percent_branches_covered": 25.0, "percent_branches_covered_display": "25.00"}, "missing_lines": [19, 20, 21, 25, 26, 28, 30, 31, 35, 36, 37, 39, 40, 41, 42, 43, 45, 46, 47, 48, 50, 51, 54, 55, 56, 57, 58, 60, 74, 75, 76, 77, 78, 83, 85, 86, 93, 94, 99, 105, 106, 107, 112, 113, 123, 124, 125, 141, 142, 148, 154, 155, 159, 164, 168, 180, 181, 182, 197, 198], "excluded_lines": [], "start_line": 1, "executed_branches": [[98, 101], [111, 115], [147, 150], [163, 170]], "missing_branches": [[19, 20], [19, 21], [25, 26], [25, 28], [41, 42], [41, 45], [51, 54], [51, 60], [98, 99], [111, 112], [147, 148], [163, 164]]}}}, "orders\\management\\__init__.py": {"executed_lines": [], "summary": {"covered_lines": 0, "num_statements": 0, "percent_covered": 100.0, "percent_covered_display": "100.00", "missing_lines": 0, "excluded_lines": 0, "percent_statements_covered": 100.0, "percent_statements_covered_display": "100.00", "num_branches": 0, "num_partial_branches": 0, "covered_branches": 0, "missing_branches": 0, "percent_branches_covered": 100.0, "percent_branches_covered_display": "100.00"}, "missing_lines": [], "excluded_lines": [], "executed_branches": [], "missing_branches": [], "functions": {"": {"executed_lines": [], "summary": {"covered_lines": 0, "num_statements": 0, "percent_covered": 100.0, "percent_covered_display": "100.00", "missing_lines": 0, "excluded_lines": 0, "percent_statements_covered": 100.0, "percent_statements_covered_display": "100.00", "num_branches": 0, "num_partial_branches": 0, "covered_branches": 0, "missing_branches": 0, "percent_branches_covered": 100.0, "percent_branches_covered_display": "100.00"}, "missing_lines": [], "excluded_lines": [], "start_line": 1, "executed_branches": [], "missing_branches": []}}, "classes": {"": {"executed_lines": [], "summary": {"covered_lines": 0, "num_statements": 0, "percent_covered": 100.0, "percent_covered_display": "100.00", "missing_lines": 0, "excluded_lines": 0, "percent_statements_covered": 100.0, "percent_statements_covered_display": "100.00", "num_branches": 0, "num_partial_branches": 0, "covered_branches": 0, "missing_branches": 0, "percent_branches_covered": 100.0, "percent_branches_covered_display": "100.00"}, "missing_lines": [], "excluded_lines": [], "start_line": 1, "executed_branches": [], "missing_branches": []}}}, "orders\\models.py": {"executed_lines": [1, 2, 3, 5, 8, 9, 10, 11, 12, 13, 14, 15, 16, 17, 19, 20, 22, 25, 26, 27, 29, 30, 31, 32, 38, 39, 40, 42, 43, 44, 47, 48, 58, 59, 65, 71, 78, 79, 85, 86, 87, 88, 89, 90, 92, 99, 104, 111, 117, 123, 130, 132, 136, 137, 138, 139, 140, 142, 143, 144, 145, 146, 147, 149, 150, 156, 164, 165, 166, 167, 168, 169, 170, 171, 173, 174, 176, 178, 179, 184, 185, 186, 187, 188], "summary": {"covered_lines": 84, "num_statements": 87, "percent_covered": 96.55172413793103, "percent_covered_display": "96.55", "missing_lines": 3, "excluded_lines": 0, "percent_statements_covered": 96.55172413793103, "percent_statements_covered_display": "96.55", "num_branches": 0, "num_partial_branches": 0, "covered_branches": 0, "missing_branches": 0, "percent_branches_covered": 100.0, "percent_branches_covered_display": "100.00"}, "missing_lines": [23, 133, 177], "excluded_lines": [], "executed_branches": [], "missing_branches": [], "functions": {"DiscountCode.__str__": {"executed_lines": [], "summary": {"covered_lines": 0, "num_statements": 1, "percent_covered": 0.0, "percent_covered_display": "0.00", "missing_lines": 1, "excluded_lines": 0, "percent_statements_covered": 0.0, "percent_statements_covered_display": "0.00", "num_branches": 0, "num_partial_branches": 0, "covered_branches": 0, "missing_branches": 0, "percent_branches_covered": 100.0, "percent_branches_covered_display": "100.00"}, "missing_lines": [23], "excluded_lines": [], "start_line": 22, "executed_branches": [], "missing_branches": []}, "DiscountCode.is_usage_exhausted": {"executed_lines": [27], "summary": {"covered_lines": 1, "num_statements": 1, "percent_covered": 100.0, "percent_covered_display": "100.00", "missing_lines": 0, "excluded_lines": 0, "percent_statements_covered": 100.0, "percent_statements_covered_display": "100.00", "num_branches": 0, "num_partial_branches": 0, "covered_branches": 0, "missing_branches": 0, "percent_branches_covered": 100.0, "percent_branches_covered_display": "100.00"}, "missing_lines": [], "excluded_lines": [], "start_line": 26, "executed_branches": [], "missing_branches": []}, "DiscountCode.effective_is_active": {"executed_lines": [31, 32], "summary": {"covered_lines": 2, "num_statements": 2, "percent_covered": 100.0, "percent_covered_display": "100.00", "missing_lines": 0, "excluded_lines": 0, "percent_statements_covered": 100.0, "percent_statements_covered_display": "100.00", "num_branches": 0, "num_partial_branches": 0, "covered_branches": 0, "missing_branches": 0, "percent_branches_covered": 100.0, "percent_branches_covered_display": "100.00"}, "missing_lines": [], "excluded_lines": [], "start_line": 30, "executed_branches": [], "missing_branches": []}, "DiscountCode.status": {"executed_lines": [40], "summary": {"covered_lines": 1, "num_statements": 1, "percent_covered": 100.0, "percent_covered_display": "100.00", "missing_lines": 0, "excluded_lines": 0, "percent_statements_covered": 100.0, "percent_statements_covered_display": "100.00", "num_branches": 0, "num_partial_branches": 0, "covered_branches": 0, "missing_branches": 0, "percent_branches_covered": 100.0, "percent_branches_covered_display": "100.00"}, "missing_lines": [], "excluded_lines": [], "start_line": 39, "executed_branches": [], "missing_branches": []}, "DiscountCode.status_label": {"executed_lines": [44], "summary": {"covered_lines": 1, "num_statements": 1, "percent_covered": 100.0, "percent_covered_display": "100.00", "missing_lines": 0, "excluded_lines": 0, "percent_statements_covered": 100.0, "percent_statements_covered_display": "100.00", "num_branches": 0, "num_partial_branches": 0, "covered_branches": 0, "missing_branches": 0, "percent_branches_covered": 100.0, "percent_branches_covered_display": "100.00"}, "missing_lines": [], "excluded_lines": [], "start_line": 43, "executed_branches": [], "missing_branches": []}, "Order.__str__": {"executed_lines": [], "summary": {"covered_lines": 0, "num_statements": 1, "percent_covered": 0.0, "percent_covered_display": "0.00", "missing_lines": 1, "excluded_lines": 0, "percent_statements_covered": 0.0, "percent_statements_covered_display": "0.00", "num_branches": 0, "num_partial_branches": 0, "covered_branches": 0, "missing_branches": 0, "percent_branches_covered": 100.0, "percent_branches_covered_display": "100.00"}, "missing_lines": [133], "excluded_lines": [], "start_line": 132, "executed_branches": [], "missing_branches": []}, "ReturnRequest.__str__": {"executed_lines": [], "summary": {"covered_lines": 0, "num_statements": 1, "percent_covered": 0.0, "percent_covered_display": "0.00", "missing_lines": 1, "excluded_lines": 0, "percent_statements_covered": 0.0, "percent_statements_covered_display": "0.00", "num_branches": 0, "num_partial_branches": 0, "covered_branches": 0, "missing_branches": 0, "percent_branches_covered": 100.0, "percent_branches_covered_display": "100.00"}, "missing_lines": [177], "excluded_lines": [], "start_line": 176, "executed_branches": [], "missing_branches": []}, "": {"executed_lines": [1, 2, 3, 5, 8, 9, 10, 11, 12, 13, 14, 15, 16, 17, 19, 20, 22, 25, 26, 29, 30, 38, 39, 42, 43, 47, 48, 58, 59, 65, 71, 78, 79, 85, 86, 87, 88, 89, 90, 92, 99, 104, 111, 117, 123, 130, 132, 136, 137, 138, 139, 140, 142, 143, 144, 145, 146, 147, 149, 150, 156, 164, 165, 166, 167, 168, 169, 170, 171, 173, 174, 176, 178, 179, 184, 185, 186, 187, 188], "summary": {"covered_lines": 79, "num_statements": 79, "percent_covered": 100.0, "percent_covered_display": "100.00", "missing_lines": 0, "excluded_lines": 0, "percent_statements_covered": 100.0, "percent_statements_covered_display": "100.00", "num_branches": 0, "num_partial_branches": 0, "covered_branches": 0, "missing_branches": 0, "percent_branches_covered": 100.0, "percent_branches_covered_display": "100.00"}, "missing_lines": [], "excluded_lines": [], "start_line": 1, "executed_branches": [], "missing_branches": []}}, "classes": {"DiscountCode": {"executed_lines": [27, 31, 32, 40, 44], "summary": {"covered_lines": 5, "num_statements": 6, "percent_covered": 83.33333333333333, "percent_covered_display": "83.33", "missing_lines": 1, "excluded_lines": 0, "percent_statements_covered": 83.33333333333333, "percent_statements_covered_display": "83.33", "num_branches": 0, "num_partial_branches": 0, "covered_branches": 0, "missing_branches": 0, "percent_branches_covered": 100.0, "percent_branches_covered_display": "100.00"}, "missing_lines": [23], "excluded_lines": [], "start_line": 8, "executed_branches": [], "missing_branches": []}, "DiscountCode.Meta": {"executed_lines": [], "summary": {"covered_lines": 0, "num_statements": 0, "percent_covered": 100.0, "percent_covered_display": "100.00", "missing_lines": 0, "excluded_lines": 0, "percent_statements_covered": 100.0, "percent_statements_covered_display": "100.00", "num_branches": 0, "num_partial_branches": 0, "covered_branches": 0, "missing_branches": 0, "percent_branches_covered": 100.0, "percent_branches_covered_display": "100.00"}, "missing_lines": [], "excluded_lines": [], "start_line": 19, "executed_branches": [], "missing_branches": []}, "Order": {"executed_lines": [], "summary": {"covered_lines": 0, "num_statements": 1, "percent_covered": 0.0, "percent_covered_display": "0.00", "missing_lines": 1, "excluded_lines": 0, "percent_statements_covered": 0.0, "percent_statements_covered_display": "0.00", "num_branches": 0, "num_partial_branches": 0, "covered_branches": 0, "missing_branches": 0, "percent_branches_covered": 100.0, "percent_branches_covered_display": "100.00"}, "missing_lines": [133], "excluded_lines": [], "start_line": 47, "executed_branches": [], "missing_branches": []}, "OrderItem": {"executed_lines": [], "summary": {"covered_lines": 0, "num_statements": 0, "percent_covered": 100.0, "percent_covered_display": "100.00", "missing_lines": 0, "excluded_lines": 0, "percent_statements_covered": 100.0, "percent_statements_covered_display": "100.00", "num_branches": 0, "num_partial_branches": 0, "covered_branches": 0, "missing_branches": 0, "percent_branches_covered": 100.0, "percent_branches_covered_display": "100.00"}, "missing_lines": [], "excluded_lines": [], "start_line": 136, "executed_branches": [], "missing_branches": []}, "Shipping": {"executed_lines": [], "summary": {"covered_lines": 0, "num_statements": 0, "percent_covered": 100.0, "percent_covered_display": "100.00", "missing_lines": 0, "excluded_lines": 0, "percent_statements_covered": 100.0, "percent_statements_covered_display": "100.00", "num_branches": 0, "num_partial_branches": 0, "covered_branches": 0, "missing_branches": 0, "percent_branches_covered": 100.0, "percent_branches_covered_display": "100.00"}, "missing_lines": [], "excluded_lines": [], "start_line": 142, "executed_branches": [], "missing_branches": []}, "ReturnRequest": {"executed_lines": [], "summary": {"covered_lines": 0, "num_statements": 1, "percent_covered": 0.0, "percent_covered_display": "0.00", "missing_lines": 1, "excluded_lines": 0, "percent_statements_covered": 0.0, "percent_statements_covered_display": "0.00", "num_branches": 0, "num_partial_branches": 0, "covered_branches": 0, "missing_branches": 0, "percent_branches_covered": 100.0, "percent_branches_covered_display": "100.00"}, "missing_lines": [177], "excluded_lines": [], "start_line": 149, "executed_branches": [], "missing_branches": []}, "ReturnRequest.Meta": {"executed_lines": [], "summary": {"covered_lines": 0, "num_statements": 0, "percent_covered": 100.0, "percent_covered_display": "100.00", "missing_lines": 0, "excluded_lines": 0, "percent_statements_covered": 100.0, "percent_statements_covered_display": "100.00", "num_branches": 0, "num_partial_branches": 0, "covered_branches": 0, "missing_branches": 0, "percent_branches_covered": 100.0, "percent_branches_covered_display": "100.00"}, "missing_lines": [], "excluded_lines": [], "start_line": 173, "executed_branches": [], "missing_branches": []}, "RefundRequest": {"executed_lines": [], "summary": {"covered_lines": 0, "num_statements": 0, "percent_covered": 100.0, "percent_covered_display": "100.00", "missing_lines": 0, "excluded_lines": 0, "percent_statements_covered": 100.0, "percent_statements_covered_display": "100.00", "num_branches": 0, "num_partial_branches": 0, "covered_branches": 0, "missing_branches": 0, "percent_branches_covered": 100.0, "percent_branches_covered_display": "100.00"}, "missing_lines": [], "excluded_lines": [], "start_line": 178, "executed_branches": [], "missing_branches": []}, "": {"executed_lines": [1, 2, 3, 5, 8, 9, 10, 11, 12, 13, 14, 15, 16, 17, 19, 20, 22, 25, 26, 29, 30, 38, 39, 42, 43, 47, 48, 58, 59, 65, 71, 78, 79, 85, 86, 87, 88, 89, 90, 92, 99, 104, 111, 117, 123, 130, 132, 136, 137, 138, 139, 140, 142, 143, 144, 145, 146, 147, 149, 150, 156, 164, 165, 166, 167, 168, 169, 170, 171, 173, 174, 176, 178, 179, 184, 185, 186, 187, 188], "summary": {"covered_lines": 79, "num_statements": 79, "percent_covered": 100.0, "percent_covered_display": "100.00", "missing_lines": 0, "excluded_lines": 0, "percent_statements_covered": 100.0, "percent_statements_covered_display": "100.00", "num_branches": 0, "num_partial_branches": 0, "covered_branches": 0, "missing_branches": 0, "percent_branches_covered": 100.0, "percent_branches_covered_display": "100.00"}, "missing_lines": [], "excluded_lines": [], "start_line": 1, "executed_branches": [], "missing_branches": []}}}, "orders\\pricing.py": {"executed_lines": [1, 3, 4, 7, 8, 11, 12, 13, 15, 16, 17, 18, 19, 22, 23, 24, 25, 28, 29, 32, 33, 34, 35, 36, 37, 38, 39, 40, 41, 42, 43, 44, 47, 48, 49, 52, 53, 54, 55, 56, 57, 58, 59, 60, 61], "summary": {"covered_lines": 45, "num_statements": 45, "percent_covered": 100.0, "percent_covered_display": "100.00", "missing_lines": 0, "excluded_lines": 0, "percent_statements_covered": 100.0, "percent_statements_covered_display": "100.00", "num_branches": 18, "num_partial_branches": 0, "covered_branches": 18, "missing_branches": 0, "percent_branches_covered": 100.0, "percent_branches_covered_display": "100.00"}, "missing_lines": [], "excluded_lines": [], "executed_branches": [[16, 17], [16, 19], [23, 24], [23, 25], [34, 35], [34, 36], [36, 37], [36, 38], [38, 39], [38, 40], [40, 41], [40, 42], [42, -32], [42, 43], [55, 56], [55, 58], [59, 60], [59, 61]], "missing_branches": [], "functions": {"unit_price_vnd": {"executed_lines": [12, 13, 15, 16, 17, 18, 19], "summary": {"covered_lines": 7, "num_statements": 7, "percent_covered": 100.0, "percent_covered_display": "100.00", "missing_lines": 0, "excluded_lines": 0, "percent_statements_covered": 100.0, "percent_statements_covered_display": "100.00", "num_branches": 2, "num_partial_branches": 0, "covered_branches": 2, "missing_branches": 0, "percent_branches_covered": 100.0, "percent_branches_covered_display": "100.00"}, "missing_lines": [], "excluded_lines": [], "start_line": 11, "executed_branches": [[16, 17], [16, 19]], "missing_branches": []}, "shipping_fee_vnd": {"executed_lines": [23, 24, 25], "summary": {"covered_lines": 3, "num_statements": 3, "percent_covered": 100.0, "percent_covered_display": "100.00", "missing_lines": 0, "excluded_lines": 0, "percent_statements_covered": 100.0, "percent_statements_covered_display": "100.00", "num_branches": 2, "num_partial_branches": 0, "covered_branches": 2, "missing_branches": 0, "percent_branches_covered": 100.0, "percent_branches_covered_display": "100.00"}, "missing_lines": [], "excluded_lines": [], "start_line": 22, "executed_branches": [[23, 24], [23, 25]], "missing_branches": []}, "normalize_discount_code": {"executed_lines": [29], "summary": {"covered_lines": 1, "num_statements": 1, "percent_covered": 100.0, "percent_covered_display": "100.00", "missing_lines": 0, "excluded_lines": 0, "percent_statements_covered": 100.0, "percent_statements_covered_display": "100.00", "num_branches": 0, "num_partial_branches": 0, "covered_branches": 0, "missing_branches": 0, "percent_branches_covered": 100.0, "percent_branches_covered_display": "100.00"}, "missing_lines": [], "excluded_lines": [], "start_line": 28, "executed_branches": [], "missing_branches": []}, "validate_discount_code_instance": {"executed_lines": [33, 34, 35, 36, 37, 38, 39, 40, 41, 42, 43, 44], "summary": {"covered_lines": 12, "num_statements": 12, "percent_covered": 100.0, "percent_covered_display": "100.00", "missing_lines": 0, "excluded_lines": 0, "percent_statements_covered": 100.0, "percent_statements_covered_display": "100.00", "num_branches": 10, "num_partial_branches": 0, "covered_branches": 10, "missing_branches": 0, "percent_branches_covered": 100.0, "percent_branches_covered_display": "100.00"}, "missing_lines": [], "excluded_lines": [], "start_line": 32, "executed_branches": [[34, 35], [34, 36], [36, 37], [36, 38], [38, 39], [38, 40], [40, 41], [40, 42], [42, -32], [42, 43]], "missing_branches": []}, "discount_amount_vnd": {"executed_lines": [48, 49], "summary": {"covered_lines": 2, "num_statements": 2, "percent_covered": 100.0, "percent_covered_display": "100.00", "missing_lines": 0, "excluded_lines": 0, "percent_statements_covered": 100.0, "percent_statements_covered_display": "100.00", "num_branches": 0, "num_partial_branches": 0, "covered_branches": 0, "missing_branches": 0, "percent_branches_covered": 100.0, "percent_branches_covered_display": "100.00"}, "missing_lines": [], "excluded_lines": [], "start_line": 47, "executed_branches": [], "missing_branches": []}, "build_order_totals": {"executed_lines": [53, 54, 55, 56, 57, 58, 59, 60, 61], "summary": {"covered_lines": 9, "num_statements": 9, "percent_covered": 100.0, "percent_covered_display": "100.00", "missing_lines": 0, "excluded_lines": 0, "percent_statements_covered": 100.0, "percent_statements_covered_display": "100.00", "num_branches": 4, "num_partial_branches": 0, "covered_branches": 4, "missing_branches": 0, "percent_branches_covered": 100.0, "percent_branches_covered_display": "100.00"}, "missing_lines": [], "excluded_lines": [], "start_line": 52, "executed_branches": [[55, 56], [55, 58], [59, 60], [59, 61]], "missing_branches": []}, "": {"executed_lines": [1, 3, 4, 7, 8, 11, 22, 28, 32, 47, 52], "summary": {"covered_lines": 11, "num_statements": 11, "percent_covered": 100.0, "percent_covered_display": "100.00", "missing_lines": 0, "excluded_lines": 0, "percent_statements_covered": 100.0, "percent_statements_covered_display": "100.00", "num_branches": 0, "num_partial_branches": 0, "covered_branches": 0, "missing_branches": 0, "percent_branches_covered": 100.0, "percent_branches_covered_display": "100.00"}, "missing_lines": [], "excluded_lines": [], "start_line": 1, "executed_branches": [], "missing_branches": []}}, "classes": {"": {"executed_lines": [1, 3, 4, 7, 8, 11, 12, 13, 15, 16, 17, 18, 19, 22, 23, 24, 25, 28, 29, 32, 33, 34, 35, 36, 37, 38, 39, 40, 41, 42, 43, 44, 47, 48, 49, 52, 53, 54, 55, 56, 57, 58, 59, 60, 61], "summary": {"covered_lines": 45, "num_statements": 45, "percent_covered": 100.0, "percent_covered_display": "100.00", "missing_lines": 0, "excluded_lines": 0, "percent_statements_covered": 100.0, "percent_statements_covered_display": "100.00", "num_branches": 18, "num_partial_branches": 0, "covered_branches": 18, "missing_branches": 0, "percent_branches_covered": 100.0, "percent_branches_covered_display": "100.00"}, "missing_lines": [], "excluded_lines": [], "start_line": 1, "executed_branches": [[16, 17], [16, 19], [23, 24], [23, 25], [34, 35], [34, 36], [36, 37], [36, 38], [38, 39], [38, 40], [40, 41], [40, 42], [42, -32], [42, 43], [55, 56], [55, 58], [59, 60], [59, 61]], "missing_branches": []}}}, "orders\\serializers.py": {"executed_lines": [1, 2, 4, 5, 8, 9, 10, 11, 13, 14, 15, 30, 32, 33, 34, 35, 36, 38, 39, 40, 41, 43, 44, 45, 46, 47, 48, 51, 52, 53, 54, 57, 58, 59, 61, 62, 63, 64, 66, 67, 68, 69, 75, 76, 77, 78, 80, 81, 82, 83, 85, 86, 87, 91, 93, 94, 97, 99, 100, 101, 102, 103, 105, 106, 107, 126, 140, 141, 142, 143, 144, 145, 146, 147, 148, 149, 151, 152, 155, 157, 158, 159, 160, 161, 162], "summary": {"covered_lines": 85, "num_statements": 85, "percent_covered": 100.0, "percent_covered_display": "100.00", "missing_lines": 0, "excluded_lines": 0, "percent_statements_covered": 100.0, "percent_statements_covered_display": "100.00", "num_branches": 14, "num_partial_branches": 0, "covered_branches": 14, "missing_branches": 0, "percent_branches_covered": 100.0, "percent_branches_covered_display": "100.00"}, "missing_lines": [], "excluded_lines": [], "executed_branches": [[34, 35], [34, 36], [39, 40], [39, 41], [46, 47], [46, 48], [67, 68], [67, 69], [141, 142], [141, 143], [144, 145], [144, 146], [147, 148], [147, 149]], "missing_branches": [], "functions": {"DiscountCodeSerializer.validate_code": {"executed_lines": [33, 34, 35, 36], "summary": {"covered_lines": 4, "num_statements": 4, "percent_covered": 100.0, "percent_covered_display": "100.00", "missing_lines": 0, "excluded_lines": 0, "percent_statements_covered": 100.0, "percent_statements_covered_display": "100.00", "num_branches": 2, "num_partial_branches": 0, "covered_branches": 2, "missing_branches": 0, "percent_branches_covered": 100.0, "percent_branches_covered_display": "100.00"}, "missing_lines": [], "excluded_lines": [], "start_line": 32, "executed_branches": [[34, 35], [34, 36]], "missing_branches": []}, "DiscountCodeSerializer.validate_discount_percent": {"executed_lines": [39, 40, 41], "summary": {"covered_lines": 3, "num_statements": 3, "percent_covered": 100.0, "percent_covered_display": "100.00", "missing_lines": 0, "excluded_lines": 0, "percent_statements_covered": 100.0, "percent_statements_covered_display": "100.00", "num_branches": 2, "num_partial_branches": 0, "covered_branches": 2, "missing_branches": 0, "percent_branches_covered": 100.0, "percent_branches_covered_display": "100.00"}, "missing_lines": [], "excluded_lines": [], "start_line": 38, "executed_branches": [[39, 40], [39, 41]], "missing_branches": []}, "DiscountCodeSerializer.validate": {"executed_lines": [44, 45, 46, 47, 48], "summary": {"covered_lines": 5, "num_statements": 5, "percent_covered": 100.0, "percent_covered_display": "100.00", "missing_lines": 0, "excluded_lines": 0, "percent_statements_covered": 100.0, "percent_statements_covered_display": "100.00", "num_branches": 2, "num_partial_branches": 0, "covered_branches": 2, "missing_branches": 0, "percent_branches_covered": 100.0, "percent_branches_covered_display": "100.00"}, "missing_lines": [], "excluded_lines": [], "start_line": 43, "executed_branches": [[46, 47], [46, 48]], "missing_branches": []}, "OrderItemSerializer.get_variant_info": {"executed_lines": [67, 68, 69], "summary": {"covered_lines": 3, "num_statements": 3, "percent_covered": 100.0, "percent_covered_display": "100.00", "missing_lines": 0, "excluded_lines": 0, "percent_statements_covered": 100.0, "percent_statements_covered_display": "100.00", "num_branches": 2, "num_partial_branches": 0, "covered_branches": 2, "missing_branches": 0, "percent_branches_covered": 100.0, "percent_branches_covered_display": "100.00"}, "missing_lines": [], "excluded_lines": [], "start_line": 66, "executed_branches": [[67, 68], [67, 69]], "missing_branches": []}, "ReturnRequestSerializer.get_order_items": {"executed_lines": [94, 97], "summary": {"covered_lines": 2, "num_statements": 2, "percent_covered": 100.0, "percent_covered_display": "100.00", "missing_lines": 0, "excluded_lines": 0, "percent_statements_covered": 100.0, "percent_statements_covered_display": "100.00", "num_branches": 0, "num_partial_branches": 0, "covered_branches": 0, "missing_branches": 0, "percent_branches_covered": 100.0, "percent_branches_covered_display": "100.00"}, "missing_lines": [], "excluded_lines": [], "start_line": 93, "executed_branches": [], "missing_branches": []}, "OrderSerializer.validate_status": {"executed_lines": [141, 142, 143, 144, 145, 146, 147, 148, 149], "summary": {"covered_lines": 9, "num_statements": 9, "percent_covered": 100.0, "percent_covered_display": "100.00", "missing_lines": 0, "excluded_lines": 0, "percent_statements_covered": 100.0, "percent_statements_covered_display": "100.00", "num_branches": 6, "num_partial_branches": 0, "covered_branches": 6, "missing_branches": 0, "percent_branches_covered": 100.0, "percent_branches_covered_display": "100.00"}, "missing_lines": [], "excluded_lines": [], "start_line": 140, "executed_branches": [[141, 142], [141, 143], [144, 145], [144, 146], [147, 148], [147, 149]], "missing_branches": []}, "OrderSerializer.get_items": {"executed_lines": [152, 155], "summary": {"covered_lines": 2, "num_statements": 2, "percent_covered": 100.0, "percent_covered_display": "100.00", "missing_lines": 0, "excluded_lines": 0, "percent_statements_covered": 100.0, "percent_statements_covered_display": "100.00", "num_branches": 0, "num_partial_branches": 0, "covered_branches": 0, "missing_branches": 0, "percent_branches_covered": 100.0, "percent_branches_covered_display": "100.00"}, "missing_lines": [], "excluded_lines": [], "start_line": 151, "executed_branches": [], "missing_branches": []}, "OrderSerializer.get_shipping": {"executed_lines": [158, 159, 160, 161, 162], "summary": {"covered_lines": 5, "num_statements": 5, "percent_covered": 100.0, "percent_covered_display": "100.00", "missing_lines": 0, "excluded_lines": 0, "percent_statements_covered": 100.0, "percent_statements_covered_display": "100.00", "num_branches": 0, "num_partial_branches": 0, "covered_branches": 0, "missing_branches": 0, "percent_branches_covered": 100.0, "percent_branches_covered_display": "100.00"}, "missing_lines": [], "excluded_lines": [], "start_line": 157, "executed_branches": [], "missing_branches": []}, "": {"executed_lines": [1, 2, 4, 5, 8, 9, 10, 11, 13, 14, 15, 30, 32, 38, 43, 51, 52, 53, 54, 57, 58, 59, 61, 62, 63, 64, 66, 75, 76, 77, 78, 80, 81, 82, 83, 85, 86, 87, 91, 93, 99, 100, 101, 102, 103, 105, 106, 107, 126, 140, 151, 157], "summary": {"covered_lines": 52, "num_statements": 52, "percent_covered": 100.0, "percent_covered_display": "100.00", "missing_lines": 0, "excluded_lines": 0, "percent_statements_covered": 100.0, "percent_statements_covered_display": "100.00", "num_branches": 0, "num_partial_branches": 0, "covered_branches": 0, "missing_branches": 0, "percent_branches_covered": 100.0, "percent_branches_covered_display": "100.00"}, "missing_lines": [], "excluded_lines": [], "start_line": 1, "executed_branches": [], "missing_branches": []}}, "classes": {"DiscountCodeSerializer": {"executed_lines": [33, 34, 35, 36, 39, 40, 41, 44, 45, 46, 47, 48], "summary": {"covered_lines": 12, "num_statements": 12, "percent_covered": 100.0, "percent_covered_display": "100.00", "missing_lines": 0, "excluded_lines": 0, "percent_statements_covered": 100.0, "percent_statements_covered_display": "100.00", "num_branches": 6, "num_partial_branches": 0, "covered_branches": 6, "missing_branches": 0, "percent_branches_covered": 100.0, "percent_branches_covered_display": "100.00"}, "missing_lines": [], "excluded_lines": [], "start_line": 8, "executed_branches": [[34, 35], [34, 36], [39, 40], [39, 41], [46, 47], [46, 48]], "missing_branches": []}, "DiscountCodeSerializer.Meta": {"executed_lines": [], "summary": {"covered_lines": 0, "num_statements": 0, "percent_covered": 100.0, "percent_covered_display": "100.00", "missing_lines": 0, "excluded_lines": 0, "percent_statements_covered": 100.0, "percent_statements_covered_display": "100.00", "num_branches": 0, "num_partial_branches": 0, "covered_branches": 0, "missing_branches": 0, "percent_branches_covered": 100.0, "percent_branches_covered_display": "100.00"}, "missing_lines": [], "excluded_lines": [], "start_line": 13, "executed_branches": [], "missing_branches": []}, "OrderUserSerializer": {"executed_lines": [], "summary": {"covered_lines": 0, "num_statements": 0, "percent_covered": 100.0, "percent_covered_display": "100.00", "missing_lines": 0, "excluded_lines": 0, "percent_statements_covered": 100.0, "percent_statements_covered_display": "100.00", "num_branches": 0, "num_partial_branches": 0, "covered_branches": 0, "missing_branches": 0, "percent_branches_covered": 100.0, "percent_branches_covered_display": "100.00"}, "missing_lines": [], "excluded_lines": [], "start_line": 51, "executed_branches": [], "missing_branches": []}, "OrderUserSerializer.Meta": {"executed_lines": [], "summary": {"covered_lines": 0, "num_statements": 0, "percent_covered": 100.0, "percent_covered_display": "100.00", "missing_lines": 0, "excluded_lines": 0, "percent_statements_covered": 100.0, "percent_statements_covered_display": "100.00", "num_branches": 0, "num_partial_branches": 0, "covered_branches": 0, "missing_branches": 0, "percent_branches_covered": 100.0, "percent_branches_covered_display": "100.00"}, "missing_lines": [], "excluded_lines": [], "start_line": 52, "executed_branches": [], "missing_branches": []}, "OrderItemSerializer": {"executed_lines": [67, 68, 69], "summary": {"covered_lines": 3, "num_statements": 3, "percent_covered": 100.0, "percent_covered_display": "100.00", "missing_lines": 0, "excluded_lines": 0, "percent_statements_covered": 100.0, "percent_statements_covered_display": "100.00", "num_branches": 2, "num_partial_branches": 0, "covered_branches": 2, "missing_branches": 0, "percent_branches_covered": 100.0, "percent_branches_covered_display": "100.00"}, "missing_lines": [], "excluded_lines": [], "start_line": 57, "executed_branches": [[67, 68], [67, 69]], "missing_branches": []}, "OrderItemSerializer.Meta": {"executed_lines": [], "summary": {"covered_lines": 0, "num_statements": 0, "percent_covered": 100.0, "percent_covered_display": "100.00", "missing_lines": 0, "excluded_lines": 0, "percent_statements_covered": 100.0, "percent_statements_covered_display": "100.00", "num_branches": 0, "num_partial_branches": 0, "covered_branches": 0, "missing_branches": 0, "percent_branches_covered": 100.0, "percent_branches_covered_display": "100.00"}, "missing_lines": [], "excluded_lines": [], "start_line": 61, "executed_branches": [], "missing_branches": []}, "ShippingNestedSerializer": {"executed_lines": [], "summary": {"covered_lines": 0, "num_statements": 0, "percent_covered": 100.0, "percent_covered_display": "100.00", "missing_lines": 0, "excluded_lines": 0, "percent_statements_covered": 100.0, "percent_statements_covered_display": "100.00", "num_branches": 0, "num_partial_branches": 0, "covered_branches": 0, "missing_branches": 0, "percent_branches_covered": 100.0, "percent_branches_covered_display": "100.00"}, "missing_lines": [], "excluded_lines": [], "start_line": 75, "executed_branches": [], "missing_branches": []}, "ShippingNestedSerializer.Meta": {"executed_lines": [], "summary": {"covered_lines": 0, "num_statements": 0, "percent_covered": 100.0, "percent_covered_display": "100.00", "missing_lines": 0, "excluded_lines": 0, "percent_statements_covered": 100.0, "percent_statements_covered_display": "100.00", "num_branches": 0, "num_partial_branches": 0, "covered_branches": 0, "missing_branches": 0, "percent_branches_covered": 100.0, "percent_branches_covered_display": "100.00"}, "missing_lines": [], "excluded_lines": [], "start_line": 76, "executed_branches": [], "missing_branches": []}, "ReturnRequestSerializer": {"executed_lines": [94, 97], "summary": {"covered_lines": 2, "num_statements": 2, "percent_covered": 100.0, "percent_covered_display": "100.00", "missing_lines": 0, "excluded_lines": 0, "percent_statements_covered": 100.0, "percent_statements_covered_display": "100.00", "num_branches": 0, "num_partial_branches": 0, "covered_branches": 0, "missing_branches": 0, "percent_branches_covered": 100.0, "percent_branches_covered_display": "100.00"}, "missing_lines": [], "excluded_lines": [], "start_line": 80, "executed_branches": [], "missing_branches": []}, "ReturnRequestSerializer.Meta": {"executed_lines": [], "summary": {"covered_lines": 0, "num_statements": 0, "percent_covered": 100.0, "percent_covered_display": "100.00", "missing_lines": 0, "excluded_lines": 0, "percent_statements_covered": 100.0, "percent_statements_covered_display": "100.00", "num_branches": 0, "num_partial_branches": 0, "covered_branches": 0, "missing_branches": 0, "percent_branches_covered": 100.0, "percent_branches_covered_display": "100.00"}, "missing_lines": [], "excluded_lines": [], "start_line": 85, "executed_branches": [], "missing_branches": []}, "OrderSerializer": {"executed_lines": [141, 142, 143, 144, 145, 146, 147, 148, 149, 152, 155, 158, 159, 160, 161, 162], "summary": {"covered_lines": 16, "num_statements": 16, "percent_covered": 100.0, "percent_covered_display": "100.00", "missing_lines": 0, "excluded_lines": 0, "percent_statements_covered": 100.0, "percent_statements_covered_display": "100.00", "num_branches": 6, "num_partial_branches": 0, "covered_branches": 6, "missing_branches": 0, "percent_branches_covered": 100.0, "percent_branches_covered_display": "100.00"}, "missing_lines": [], "excluded_lines": [], "start_line": 99, "executed_branches": [[141, 142], [141, 143], [144, 145], [144, 146], [147, 148], [147, 149]], "missing_branches": []}, "OrderSerializer.Meta": {"executed_lines": [], "summary": {"covered_lines": 0, "num_statements": 0, "percent_covered": 100.0, "percent_covered_display": "100.00", "missing_lines": 0, "excluded_lines": 0, "percent_statements_covered": 100.0, "percent_statements_covered_display": "100.00", "num_branches": 0, "num_partial_branches": 0, "covered_branches": 0, "missing_branches": 0, "percent_branches_covered": 100.0, "percent_branches_covered_display": "100.00"}, "missing_lines": [], "excluded_lines": [], "start_line": 105, "executed_branches": [], "missing_branches": []}, "": {"executed_lines": [1, 2, 4, 5, 8, 9, 10, 11, 13, 14, 15, 30, 32, 38, 43, 51, 52, 53, 54, 57, 58, 59, 61, 62, 63, 64, 66, 75, 76, 77, 78, 80, 81, 82, 83, 85, 86, 87, 91, 93, 99, 100, 101, 102, 103, 105, 106, 107, 126, 140, 151, 157], "summary": {"covered_lines": 52, "num_statements": 52, "percent_covered": 100.0, "percent_covered_display": "100.00", "missing_lines": 0, "excluded_lines": 0, "percent_statements_covered": 100.0, "percent_statements_covered_display": "100.00", "num_branches": 0, "num_partial_branches": 0, "covered_branches": 0, "missing_branches": 0, "percent_branches_covered": 100.0, "percent_branches_covered_display": "100.00"}, "missing_lines": [], "excluded_lines": [], "start_line": 1, "executed_branches": [], "missing_branches": []}}}, "orders\\urls.py": {"executed_lines": [1, 2, 3, 5, 6, 7, 8, 9, 11], "summary": {"covered_lines": 9, "num_statements": 9, "percent_covered": 100.0, "percent_covered_display": "100.00", "missing_lines": 0, "excluded_lines": 0, "percent_statements_covered": 100.0, "percent_statements_covered_display": "100.00", "num_branches": 0, "num_partial_branches": 0, "covered_branches": 0, "missing_branches": 0, "percent_branches_covered": 100.0, "percent_branches_covered_display": "100.00"}, "missing_lines": [], "excluded_lines": [], "executed_branches": [], "missing_branches": [], "functions": {"": {"executed_lines": [1, 2, 3, 5, 6, 7, 8, 9, 11], "summary": {"covered_lines": 9, "num_statements": 9, "percent_covered": 100.0, "percent_covered_display": "100.00", "missing_lines": 0, "excluded_lines": 0, "percent_statements_covered": 100.0, "percent_statements_covered_display": "100.00", "num_branches": 0, "num_partial_branches": 0, "covered_branches": 0, "missing_branches": 0, "percent_branches_covered": 100.0, "percent_branches_covered_display": "100.00"}, "missing_lines": [], "excluded_lines": [], "start_line": 1, "executed_branches": [], "missing_branches": []}}, "classes": {"": {"executed_lines": [1, 2, 3, 5, 6, 7, 8, 9, 11], "summary": {"covered_lines": 9, "num_statements": 9, "percent_covered": 100.0, "percent_covered_display": "100.00", "missing_lines": 0, "excluded_lines": 0, "percent_statements_covered": 100.0, "percent_statements_covered_display": "100.00", "num_branches": 0, "num_partial_branches": 0, "covered_branches": 0, "missing_branches": 0, "percent_branches_covered": 100.0, "percent_branches_covered_display": "100.00"}, "missing_lines": [], "excluded_lines": [], "start_line": 1, "executed_branches": [], "missing_branches": []}}}, "orders\\views.py": {"executed_lines": [1, 2, 4, 5, 6, 8, 9, 10, 11, 12, 13, 14, 15, 17, 18, 19, 20, 21, 22, 27, 28, 29, 32, 33, 34, 35, 38, 39, 40, 41, 43, 44, 45, 46, 53, 54, 57, 58, 59, 60, 61, 63, 64, 65, 66, 67, 68, 69, 70, 74, 80, 81, 82, 83, 84, 86, 87, 88, 89, 90, 94, 95, 99, 100, 101, 102, 103, 105, 106, 107, 108, 109, 113, 114, 118, 119, 120, 121, 124, 125, 131, 132, 133, 134, 136, 137, 138, 139, 140, 144, 145, 149, 150, 155, 156, 157, 162, 163, 164, 165, 166, 171, 176, 181, 186, 187, 188, 189, 192, 193, 194, 195, 196, 197, 199, 200, 201, 203, 204, 205, 206, 207, 213, 214, 215, 216, 217, 218, 224, 225, 226, 227, 228, 229, 236, 237, 238, 239, 241, 243, 244, 246, 247, 249, 250, 251, 255, 256, 260, 261, 263, 264, 265, 272, 273, 274, 275, 277, 278, 279, 280, 281, 283, 288, 289, 290, 292, 293, 294, 295, 297, 298, 299, 300, 301, 305, 306, 308, 310, 312, 323, 325, 328, 329, 330, 331, 332, 333, 335, 336, 337, 338, 346, 347, 348, 349, 350, 352, 353, 354, 355, 358, 360, 362, 364, 366, 368, 369, 370, 371, 372, 373, 375, 381, 382, 383, 384, 386, 387, 389, 390, 391, 393, 395, 396, 397, 398, 400, 401, 411, 412, 413, 414, 415, 416, 417, 418, 420, 421, 422, 423, 425, 426, 427, 428, 429, 431, 432, 433, 434, 436, 445, 447, 448, 449, 450, 451, 452, 453, 454, 455, 456, 457, 458, 459, 460, 462, 463, 468, 469, 470, 471, 472, 473, 474, 476, 478, 479, 480, 481, 482, 484, 485, 491, 492, 498, 499, 500, 501, 502, 503, 504, 508, 509, 510, 512, 513, 514, 515, 516, 521, 522, 526, 527, 530, 535, 547, 548, 555, 556, 557, 558, 559, 560, 561, 563, 564, 566, 567, 569, 570, 571, 576, 577, 579, 580, 581, 582, 583, 585, 586, 587, 588, 590, 591, 597, 598, 599, 600, 602, 603, 609, 610, 611, 612, 614, 615, 622, 623, 624, 625, 627, 629, 630, 631, 632, 634, 635, 636, 637, 639, 640, 641, 642, 645, 650, 651, 652, 653, 655, 656, 657, 662, 663, 664, 665, 666, 667, 668, 670, 671, 672, 673, 675, 676, 678, 679, 681, 682, 683, 684, 686, 687, 688, 689, 691, 692, 697, 698, 699, 701, 702, 707, 708, 709, 711, 713, 714, 715, 716, 717, 718, 719, 720, 721, 722, 723, 724, 728, 730, 731, 732, 733, 734, 735, 736, 737, 738, 739, 740, 741, 745, 747, 748, 749, 750, 751, 752, 753, 754, 759, 760, 764, 765, 766, 771, 777, 778, 779, 780, 781, 782, 783, 784, 785, 787, 788], "summary": {"covered_lines": 457, "num_statements": 486, "percent_covered": 91.96969696969697, "percent_covered_display": "91.97", "missing_lines": 29, "excluded_lines": 0, "percent_statements_covered": 94.03292181069959, "percent_statements_covered_display": "94.03", "num_branches": 174, "num_partial_branches": 14, "covered_branches": 150, "missing_branches": 24, "percent_branches_covered": 86.20689655172414, "percent_branches_covered_display": "86.21"}, "missing_lines": [167, 172, 177, 313, 314, 315, 316, 317, 318, 319, 320, 321, 326, 339, 340, 341, 342, 343, 344, 356, 357, 359, 363, 388, 392, 493, 523, 524, 531], "excluded_lines": [], "executed_branches": [[69, 70], [69, 74], [89, 90], [89, 94], [94, 95], [94, 99], [108, 109], [108, 113], [113, 114], [113, 118], [120, 121], [120, 124], [124, 125], [124, 131], [139, 140], [139, 144], [144, 145], [144, 149], [149, 150], [149, 155], [156, 157], [156, 162], [162, 163], [162, 199], [166, 171], [171, 176], [176, 181], [199, 200], [199, 203], [204, 205], [204, 215], [215, 216], [215, 226], [226, 227], [250, 251], [250, 255], [255, 256], [255, 260], [260, 261], [260, 263], [264, 265], [264, 272], [278, 279], [278, 283], [293, 294], [293, 295], [305, 306], [305, 308], [312, 323], [331, 332], [337, 338], [347, 348], [347, 349], [349, 350], [349, 352], [353, 354], [353, 362], [358, 360], [362, 364], [369, 370], [369, 371], [372, 373], [372, 375], [381, 382], [381, 383], [383, 384], [383, 386], [387, 389], [389, 390], [389, 391], [391, 393], [397, 398], [397, 400], [426, 427], [426, 431], [428, 429], [428, 431], [459, 460], [459, 462], [462, 463], [462, 468], [471, 472], [471, 473], [473, 474], [473, 476], [492, 498], [500, 501], [500, 512], [502, 503], [502, 508], [513, 514], [513, 521], [515, 516], [515, 521], [526, 527], [526, 535], [530, 526], [547, 548], [547, 555], [557, 558], [557, 560], [560, 561], [560, 563], [563, 564], [563, 566], [569, 570], [569, 579], [580, 581], [580, 582], [582, 583], [582, 585], [587, 588], [587, 599], [599, 600], [599, 611], [611, 612], [611, 627], [635, 636], [635, 637], [641, 642], [641, 645], [662, 663], [662, 668], [665, 666], [665, 667], [671, 672], [671, 673], [678, 679], [678, 681], [691, 692], [691, 697], [697, 698], [697, 701], [698, 699], [701, 702], [701, 707], [715, 716], [715, 717], [718, 719], [718, 720], [732, 733], [732, 734], [735, 736], [735, 737], [749, 750], [749, 751], [759, 760], [759, 764], [765, 766], [765, 771]], "missing_branches": [[166, 167], [171, 172], [176, 177], [226, 241], [312, 313], [314, 315], [314, 316], [318, 319], [318, 320], [320, 321], [320, 323], [331, -328], [337, 339], [339, 340], [339, 344], [341, 342], [341, 343], [358, 359], [362, 363], [387, 388], [391, 392], [492, 493], [530, 531], [698, 701]], "functions": {"DiscountCodeViewSet.active": {"executed_lines": [45, 46, 53, 54], "summary": {"covered_lines": 4, "num_statements": 4, "percent_covered": 100.0, "percent_covered_display": "100.00", "missing_lines": 0, "excluded_lines": 0, "percent_statements_covered": 100.0, "percent_statements_covered_display": "100.00", "num_branches": 0, "num_partial_branches": 0, "covered_branches": 0, "missing_branches": 0, "percent_branches_covered": 100.0, "percent_branches_covered_display": "100.00"}, "missing_lines": [], "excluded_lines": [], "start_line": 44, "executed_branches": [], "missing_branches": []}, "OrderViewSet.approve_refund": {"executed_lines": [65, 66, 67, 68, 69, 70, 74, 80, 81, 82, 83, 84], "summary": {"covered_lines": 12, "num_statements": 12, "percent_covered": 100.0, "percent_covered_display": "100.00", "missing_lines": 0, "excluded_lines": 0, "percent_statements_covered": 100.0, "percent_statements_covered_display": "100.00", "num_branches": 2, "num_partial_branches": 0, "covered_branches": 2, "missing_branches": 0, "percent_branches_covered": 100.0, "percent_branches_covered_display": "100.00"}, "missing_lines": [], "excluded_lines": [], "start_line": 64, "executed_branches": [[69, 70], [69, 74]], "missing_branches": []}, "OrderViewSet.confirm_received": {"executed_lines": [88, 89, 90, 94, 95, 99, 100, 101, 102, 103], "summary": {"covered_lines": 10, "num_statements": 10, "percent_covered": 100.0, "percent_covered_display": "100.00", "missing_lines": 0, "excluded_lines": 0, "percent_statements_covered": 100.0, "percent_statements_covered_display": "100.00", "num_branches": 4, "num_partial_branches": 0, "covered_branches": 4, "missing_branches": 0, "percent_branches_covered": 100.0, "percent_branches_covered_display": "100.00"}, "missing_lines": [], "excluded_lines": [], "start_line": 87, "executed_branches": [[89, 90], [89, 94], [94, 95], [94, 99]], "missing_branches": []}, "OrderViewSet.cancel": {"executed_lines": [107, 108, 109, 113, 114, 118, 119, 120, 121, 124, 125, 131, 132, 133, 134], "summary": {"covered_lines": 15, "num_statements": 15, "percent_covered": 100.0, "percent_covered_display": "100.00", "missing_lines": 0, "excluded_lines": 0, "percent_statements_covered": 100.0, "percent_statements_covered_display": "100.00", "num_branches": 8, "num_partial_branches": 0, "covered_branches": 8, "missing_branches": 0, "percent_branches_covered": 100.0, "percent_branches_covered_display": "100.00"}, "missing_lines": [], "excluded_lines": [], "start_line": 106, "executed_branches": [[108, 109], [108, 113], [113, 114], [113, 118], [120, 121], [120, 124], [124, 125], [124, 131]], "missing_branches": []}, "OrderViewSet.retry_payment": {"executed_lines": [138, 139, 140, 144, 145, 149, 150, 155, 156, 157, 162, 163, 164, 165, 166, 171, 176, 181, 186, 187, 188, 189, 192, 193, 194, 195, 196, 197, 199, 200, 201, 203, 204, 205, 206, 207, 213, 214, 215, 216, 217, 218, 224, 225, 226, 227, 228, 229, 236, 237, 238, 239, 241], "summary": {"covered_lines": 53, "num_statements": 56, "percent_covered": 91.25, "percent_covered_display": "91.25", "missing_lines": 3, "excluded_lines": 0, "percent_statements_covered": 94.64285714285714, "percent_statements_covered_display": "94.64", "num_branches": 24, "num_partial_branches": 4, "covered_branches": 20, "missing_branches": 4, "percent_branches_covered": 83.33333333333333, "percent_branches_covered_display": "83.33"}, "missing_lines": [167, 172, 177], "excluded_lines": [], "start_line": 137, "executed_branches": [[139, 140], [139, 144], [144, 145], [144, 149], [149, 150], [149, 155], [156, 157], [156, 162], [162, 163], [162, 199], [166, 171], [171, 176], [176, 181], [199, 200], [199, 203], [204, 205], [204, 215], [215, 216], [215, 226], [226, 227]], "missing_branches": [[166, 167], [171, 172], [176, 177], [226, 241]]}, "OrderViewSet.zalopay_sync": {"executed_lines": [246, 247, 249, 250, 251, 255, 256, 260, 261, 263, 264, 265, 272, 273, 274, 275, 277, 278, 279, 280, 281, 283, 288, 289, 290], "summary": {"covered_lines": 25, "num_statements": 25, "percent_covered": 100.0, "percent_covered_display": "100.00", "missing_lines": 0, "excluded_lines": 0, "percent_statements_covered": 100.0, "percent_statements_covered_display": "100.00", "num_branches": 10, "num_partial_branches": 0, "covered_branches": 10, "missing_branches": 0, "percent_branches_covered": 100.0, "percent_branches_covered_display": "100.00"}, "missing_lines": [], "excluded_lines": [], "start_line": 244, "executed_branches": [[250, 251], [250, 255], [255, 256], [255, 260], [260, 261], [260, 263], [264, 265], [264, 272], [278, 279], [278, 283]], "missing_branches": []}, "OrderViewSet.get_permissions": {"executed_lines": [293, 294, 295], "summary": {"covered_lines": 3, "num_statements": 3, "percent_covered": 100.0, "percent_covered_display": "100.00", "missing_lines": 0, "excluded_lines": 0, "percent_statements_covered": 100.0, "percent_statements_covered_display": "100.00", "num_branches": 2, "num_partial_branches": 0, "covered_branches": 2, "missing_branches": 0, "percent_branches_covered": 100.0, "percent_branches_covered_display": "100.00"}, "missing_lines": [], "excluded_lines": [], "start_line": 292, "executed_branches": [[293, 294], [293, 295]], "missing_branches": []}, "OrderViewSet.get_queryset": {"executed_lines": [298, 299, 300, 301, 305, 306, 308, 310, 312, 323], "summary": {"covered_lines": 10, "num_statements": 19, "percent_covered": 44.827586206896555, "percent_covered_display": "44.83", "missing_lines": 9, "excluded_lines": 0, "percent_statements_covered": 52.63157894736842, "percent_statements_covered_display": "52.63", "num_branches": 10, "num_partial_branches": 1, "covered_branches": 3, "missing_branches": 7, "percent_branches_covered": 30.0, "percent_branches_covered_display": "30.00"}, "missing_lines": [313, 314, 315, 316, 317, 318, 319, 320, 321], "excluded_lines": [], "start_line": 297, "executed_branches": [[305, 306], [305, 308], [312, 323]], "missing_branches": [[312, 313], [314, 315], [314, 316], [318, 319], [318, 320], [320, 321], [320, 323]]}, "OrderViewSet.perform_create": {"executed_lines": [], "summary": {"covered_lines": 0, "num_statements": 1, "percent_covered": 0.0, "percent_covered_display": "0.00", "missing_lines": 1, "excluded_lines": 0, "percent_statements_covered": 0.0, "percent_statements_covered_display": "0.00", "num_branches": 0, "num_partial_branches": 0, "covered_branches": 0, "missing_branches": 0, "percent_branches_covered": 100.0, "percent_branches_covered_display": "100.00"}, "missing_lines": [326], "excluded_lines": [], "start_line": 325, "executed_branches": [], "missing_branches": []}, "OrderViewSet.perform_update": {"executed_lines": [329, 330, 331, 332, 333], "summary": {"covered_lines": 5, "num_statements": 5, "percent_covered": 85.71428571428571, "percent_covered_display": "85.71", "missing_lines": 0, "excluded_lines": 0, "percent_statements_covered": 100.0, "percent_statements_covered_display": "100.00", "num_branches": 2, "num_partial_branches": 1, "covered_branches": 1, "missing_branches": 1, "percent_branches_covered": 50.0, "percent_branches_covered_display": "50.00"}, "missing_lines": [], "excluded_lines": [], "start_line": 328, "executed_branches": [[331, 332]], "missing_branches": [[331, -328]]}, "OrderViewSet._validation_error_message": {"executed_lines": [336, 337, 338], "summary": {"covered_lines": 3, "num_statements": 9, "percent_covered": 26.666666666666668, "percent_covered_display": "26.67", "missing_lines": 6, "excluded_lines": 0, "percent_statements_covered": 33.333333333333336, "percent_statements_covered_display": "33.33", "num_branches": 6, "num_partial_branches": 1, "covered_branches": 1, "missing_branches": 5, "percent_branches_covered": 16.666666666666668, "percent_branches_covered_display": "16.67"}, "missing_lines": [339, 340, 341, 342, 343, 344], "excluded_lines": [], "start_line": 335, "executed_branches": [[337, 338]], "missing_branches": [[337, 339], [339, 340], [339, 344], [341, 342], [341, 343]]}, "OrderViewSet._normalize_cart_item_ids": {"executed_lines": [347, 348, 349, 350, 352, 353, 354, 355, 358, 360, 362, 364], "summary": {"covered_lines": 12, "num_statements": 16, "percent_covered": 76.92307692307692, "percent_covered_display": "76.92", "missing_lines": 4, "excluded_lines": 0, "percent_statements_covered": 75.0, "percent_statements_covered_display": "75.00", "num_branches": 10, "num_partial_branches": 2, "covered_branches": 8, "missing_branches": 2, "percent_branches_covered": 80.0, "percent_branches_covered_display": "80.00"}, "missing_lines": [356, 357, 359, 363], "excluded_lines": [], "start_line": 346, "executed_branches": [[347, 348], [347, 349], [349, 350], [349, 352], [353, 354], [353, 362], [358, 360], [362, 364]], "missing_branches": [[358, 359], [362, 363]]}, "OrderViewSet._load_cart_items": {"executed_lines": [368, 369, 370, 371, 372, 373, 375, 381, 382, 383, 384, 386, 387, 389, 390, 391, 393], "summary": {"covered_lines": 17, "num_statements": 19, "percent_covered": 87.87878787878788, "percent_covered_display": "87.88", "missing_lines": 2, "excluded_lines": 0, "percent_statements_covered": 89.47368421052632, "percent_statements_covered_display": "89.47", "num_branches": 14, "num_partial_branches": 2, "covered_branches": 12, "missing_branches": 2, "percent_branches_covered": 85.71428571428571, "percent_branches_covered_display": "85.71"}, "missing_lines": [388, 392], "excluded_lines": [], "start_line": 366, "executed_branches": [[369, 370], [369, 371], [372, 373], [372, 375], [381, 382], [381, 383], [383, 384], [383, 386], [387, 389], [389, 390], [389, 391], [391, 393]], "missing_branches": [[387, 388], [391, 392]]}, "OrderViewSet._build_pricing_payload": {"executed_lines": [396, 397, 398, 400, 401], "summary": {"covered_lines": 5, "num_statements": 5, "percent_covered": 100.0, "percent_covered_display": "100.00", "missing_lines": 0, "excluded_lines": 0, "percent_statements_covered": 100.0, "percent_statements_covered_display": "100.00", "num_branches": 2, "num_partial_branches": 0, "covered_branches": 2, "missing_branches": 0, "percent_branches_covered": 100.0, "percent_branches_covered_display": "100.00"}, "missing_lines": [], "excluded_lines": [], "start_line": 395, "executed_branches": [[397, 398], [397, 400]], "missing_branches": []}, "OrderViewSet.discount_preview": {"executed_lines": [413, 414, 415, 416, 417, 418, 420, 421, 422, 423, 425, 426, 427, 428, 429, 431, 432, 433, 434, 436, 445], "summary": {"covered_lines": 21, "num_statements": 21, "percent_covered": 100.0, "percent_covered_display": "100.00", "missing_lines": 0, "excluded_lines": 0, "percent_statements_covered": 100.0, "percent_statements_covered_display": "100.00", "num_branches": 4, "num_partial_branches": 0, "covered_branches": 4, "missing_branches": 0, "percent_branches_covered": 100.0, "percent_branches_covered_display": "100.00"}, "missing_lines": [], "excluded_lines": [], "start_line": 412, "executed_branches": [[426, 427], [426, 431], [428, 429], [428, 431]], "missing_branches": []}, "OrderViewSet.checkout": {"executed_lines": [449, 450, 451, 452, 453, 454, 455, 456, 457, 458, 459, 460, 462, 463, 468, 469, 470, 471, 472, 473, 474, 476, 478, 479, 480, 481, 482, 484, 485, 491, 492, 498, 499, 500, 501, 502, 503, 504, 508, 509, 510, 512, 513, 514, 515, 516, 521, 522, 526, 527, 530, 535, 547, 548, 555, 556, 557, 558, 559, 560, 561, 563, 564, 566, 567, 569, 570, 571, 576, 577, 579, 580, 581, 582, 583, 585, 586, 587, 588, 590, 591, 597, 598, 599, 600, 602, 603, 609, 610, 611, 612, 614, 615, 622, 623, 624, 625, 627], "summary": {"covered_lines": 98, "num_statements": 102, "percent_covered": 95.83333333333333, "percent_covered_display": "95.83", "missing_lines": 4, "excluded_lines": 0, "percent_statements_covered": 96.07843137254902, "percent_statements_covered_display": "96.08", "num_branches": 42, "num_partial_branches": 2, "covered_branches": 40, "missing_branches": 2, "percent_branches_covered": 95.23809523809524, "percent_branches_covered_display": "95.24"}, "missing_lines": [493, 523, 524, 531], "excluded_lines": [], "start_line": 448, "executed_branches": [[459, 460], [459, 462], [462, 463], [462, 468], [471, 472], [471, 473], [473, 474], [473, 476], [492, 498], [500, 501], [500, 512], [502, 503], [502, 508], [513, 514], [513, 521], [515, 516], [515, 521], [526, 527], [526, 535], [530, 526], [547, 548], [547, 555], [557, 558], [557, 560], [560, 561], [560, 563], [563, 564], [563, 566], [569, 570], [569, 579], [580, 581], [580, 582], [582, 583], [582, 585], [587, 588], [587, 599], [599, 600], [599, 611], [611, 612], [611, 627]], "missing_branches": [[492, 493], [530, 531]]}, "OrderItemViewSet.get_permissions": {"executed_lines": [635, 636, 637], "summary": {"covered_lines": 3, "num_statements": 3, "percent_covered": 100.0, "percent_covered_display": "100.00", "missing_lines": 0, "excluded_lines": 0, "percent_statements_covered": 100.0, "percent_statements_covered_display": "100.00", "num_branches": 2, "num_partial_branches": 0, "covered_branches": 2, "missing_branches": 0, "percent_branches_covered": 100.0, "percent_branches_covered_display": "100.00"}, "missing_lines": [], "excluded_lines": [], "start_line": 634, "executed_branches": [[635, 636], [635, 637]], "missing_branches": []}, "OrderItemViewSet.get_queryset": {"executed_lines": [640, 641, 642, 645], "summary": {"covered_lines": 4, "num_statements": 4, "percent_covered": 100.0, "percent_covered_display": "100.00", "missing_lines": 0, "excluded_lines": 0, "percent_statements_covered": 100.0, "percent_statements_covered_display": "100.00", "num_branches": 2, "num_partial_branches": 0, "covered_branches": 2, "missing_branches": 0, "percent_branches_covered": 100.0, "percent_branches_covered_display": "100.00"}, "missing_lines": [], "excluded_lines": [], "start_line": 639, "executed_branches": [[641, 642], [641, 645]], "missing_branches": []}, "ReturnRequestViewSet.get_queryset": {"executed_lines": [656, 657, 662, 663, 664, 665, 666, 667, 668], "summary": {"covered_lines": 9, "num_statements": 9, "percent_covered": 100.0, "percent_covered_display": "100.00", "missing_lines": 0, "excluded_lines": 0, "percent_statements_covered": 100.0, "percent_statements_covered_display": "100.00", "num_branches": 4, "num_partial_branches": 0, "covered_branches": 4, "missing_branches": 0, "percent_branches_covered": 100.0, "percent_branches_covered_display": "100.00"}, "missing_lines": [], "excluded_lines": [], "start_line": 655, "executed_branches": [[662, 663], [662, 668], [665, 666], [665, 667]], "missing_branches": []}, "ReturnRequestViewSet.get_permissions": {"executed_lines": [671, 672, 673], "summary": {"covered_lines": 3, "num_statements": 3, "percent_covered": 100.0, "percent_covered_display": "100.00", "missing_lines": 0, "excluded_lines": 0, "percent_statements_covered": 100.0, "percent_statements_covered_display": "100.00", "num_branches": 2, "num_partial_branches": 0, "covered_branches": 2, "missing_branches": 0, "percent_branches_covered": 100.0, "percent_branches_covered_display": "100.00"}, "missing_lines": [], "excluded_lines": [], "start_line": 670, "executed_branches": [[671, 672], [671, 673]], "missing_branches": []}, "ReturnRequestViewSet.create": {"executed_lines": [676, 678, 679, 681, 682, 683, 684, 686, 687, 688, 689, 691, 692, 697, 698, 699, 701, 702, 707, 708, 709, 711], "summary": {"covered_lines": 22, "num_statements": 22, "percent_covered": 96.875, "percent_covered_display": "96.88", "missing_lines": 0, "excluded_lines": 0, "percent_statements_covered": 100.0, "percent_statements_covered_display": "100.00", "num_branches": 10, "num_partial_branches": 1, "covered_branches": 9, "missing_branches": 1, "percent_branches_covered": 90.0, "percent_branches_covered_display": "90.00"}, "missing_lines": [], "excluded_lines": [], "start_line": 675, "executed_branches": [[678, 679], [678, 681], [691, 692], [691, 697], [697, 698], [697, 701], [698, 699], [701, 702], [701, 707]], "missing_branches": [[698, 701]]}, "ReturnRequestViewSet.approve": {"executed_lines": [715, 716, 717, 718, 719, 720, 721, 722, 723, 724, 728], "summary": {"covered_lines": 11, "num_statements": 11, "percent_covered": 100.0, "percent_covered_display": "100.00", "missing_lines": 0, "excluded_lines": 0, "percent_statements_covered": 100.0, "percent_statements_covered_display": "100.00", "num_branches": 4, "num_partial_branches": 0, "covered_branches": 4, "missing_branches": 0, "percent_branches_covered": 100.0, "percent_branches_covered_display": "100.00"}, "missing_lines": [], "excluded_lines": [], "start_line": 714, "executed_branches": [[715, 716], [715, 717], [718, 719], [718, 720]], "missing_branches": []}, "ReturnRequestViewSet.reject": {"executed_lines": [732, 733, 734, 735, 736, 737, 738, 739, 740, 741, 745], "summary": {"covered_lines": 11, "num_statements": 11, "percent_covered": 100.0, "percent_covered_display": "100.00", "missing_lines": 0, "excluded_lines": 0, "percent_statements_covered": 100.0, "percent_statements_covered_display": "100.00", "num_branches": 4, "num_partial_branches": 0, "covered_branches": 4, "missing_branches": 0, "percent_branches_covered": 100.0, "percent_branches_covered_display": "100.00"}, "missing_lines": [], "excluded_lines": [], "start_line": 731, "executed_branches": [[732, 733], [732, 734], [735, 736], [735, 737]], "missing_branches": []}, "ReturnRequestViewSet.complete": {"executed_lines": [749, 750, 751, 752, 753, 754, 759, 760, 764, 765, 766, 771, 777, 778, 779, 780, 781, 782, 783, 784, 785, 787, 788], "summary": {"covered_lines": 23, "num_statements": 23, "percent_covered": 100.0, "percent_covered_display": "100.00", "missing_lines": 0, "excluded_lines": 0, "percent_statements_covered": 100.0, "percent_statements_covered_display": "100.00", "num_branches": 6, "num_partial_branches": 0, "covered_branches": 6, "missing_branches": 0, "percent_branches_covered": 100.0, "percent_branches_covered_display": "100.00"}, "missing_lines": [], "excluded_lines": [], "start_line": 748, "executed_branches": [[749, 750], [749, 751], [759, 760], [759, 764], [765, 766], [765, 771]], "missing_branches": []}, "": {"executed_lines": [1, 2, 4, 5, 6, 8, 9, 10, 11, 12, 13, 14, 15, 17, 18, 19, 20, 21, 22, 27, 28, 29, 32, 33, 34, 35, 38, 39, 40, 41, 43, 44, 57, 58, 59, 60, 61, 63, 64, 86, 87, 105, 106, 136, 137, 243, 244, 292, 297, 325, 328, 335, 346, 366, 395, 411, 412, 447, 448, 629, 630, 631, 632, 634, 639, 650, 651, 652, 653, 655, 670, 675, 713, 714, 730, 731, 747, 748], "summary": {"covered_lines": 78, "num_statements": 78, "percent_covered": 100.0, "percent_covered_display": "100.00", "missing_lines": 0, "excluded_lines": 0, "percent_statements_covered": 100.0, "percent_statements_covered_display": "100.00", "num_branches": 0, "num_partial_branches": 0, "covered_branches": 0, "missing_branches": 0, "percent_branches_covered": 100.0, "percent_branches_covered_display": "100.00"}, "missing_lines": [], "excluded_lines": [], "start_line": 1, "executed_branches": [], "missing_branches": []}}, "classes": {"OrderPagination": {"executed_lines": [], "summary": {"covered_lines": 0, "num_statements": 0, "percent_covered": 100.0, "percent_covered_display": "100.00", "missing_lines": 0, "excluded_lines": 0, "percent_statements_covered": 100.0, "percent_statements_covered_display": "100.00", "num_branches": 0, "num_partial_branches": 0, "covered_branches": 0, "missing_branches": 0, "percent_branches_covered": 100.0, "percent_branches_covered_display": "100.00"}, "missing_lines": [], "excluded_lines": [], "start_line": 32, "executed_branches": [], "missing_branches": []}, "DiscountCodeViewSet": {"executed_lines": [45, 46, 53, 54], "summary": {"covered_lines": 4, "num_statements": 4, "percent_covered": 100.0, "percent_covered_display": "100.00", "missing_lines": 0, "excluded_lines": 0, "percent_statements_covered": 100.0, "percent_statements_covered_display": "100.00", "num_branches": 0, "num_partial_branches": 0, "covered_branches": 0, "missing_branches": 0, "percent_branches_covered": 100.0, "percent_branches_covered_display": "100.00"}, "missing_lines": [], "excluded_lines": [], "start_line": 38, "executed_branches": [], "missing_branches": []}, "OrderViewSet": {"executed_lines": [65, 66, 67, 68, 69, 70, 74, 80, 81, 82, 83, 84, 88, 89, 90, 94, 95, 99, 100, 101, 102, 103, 107, 108, 109, 113, 114, 118, 119, 120, 121, 124, 125, 131, 132, 133, 134, 138, 139, 140, 144, 145, 149, 150, 155, 156, 157, 162, 163, 164, 165, 166, 171, 176, 181, 186, 187, 188, 189, 192, 193, 194, 195, 196, 197, 199, 200, 201, 203, 204, 205, 206, 207, 213, 214, 215, 216, 217, 218, 224, 225, 226, 227, 228, 229, 236, 237, 238, 239, 241, 246, 247, 249, 250, 251, 255, 256, 260, 261, 263, 264, 265, 272, 273, 274, 275, 277, 278, 279, 280, 281, 283, 288, 289, 290, 293, 294, 295, 298, 299, 300, 301, 305, 306, 308, 310, 312, 323, 329, 330, 331, 332, 333, 336, 337, 338, 347, 348, 349, 350, 352, 353, 354, 355, 358, 360, 362, 364, 368, 369, 370, 371, 372, 373, 375, 381, 382, 383, 384, 386, 387, 389, 390, 391, 393, 396, 397, 398, 400, 401, 413, 414, 415, 416, 417, 418, 420, 421, 422, 423, 425, 426, 427, 428, 429, 431, 432, 433, 434, 436, 445, 449, 450, 451, 452, 453, 454, 455, 456, 457, 458, 459, 460, 462, 463, 468, 469, 470, 471, 472, 473, 474, 476, 478, 479, 480, 481, 482, 484, 485, 491, 492, 498, 499, 500, 501, 502, 503, 504, 508, 509, 510, 512, 513, 514, 515, 516, 521, 522, 526, 527, 530, 535, 547, 548, 555, 556, 557, 558, 559, 560, 561, 563, 564, 566, 567, 569, 570, 571, 576, 577, 579, 580, 581, 582, 583, 585, 586, 587, 588, 590, 591, 597, 598, 599, 600, 602, 603, 609, 610, 611, 612, 614, 615, 622, 623, 624, 625, 627], "summary": {"covered_lines": 289, "num_statements": 318, "percent_covered": 88.646288209607, "percent_covered_display": "88.65", "missing_lines": 29, "excluded_lines": 0, "percent_statements_covered": 90.88050314465409, "percent_statements_covered_display": "90.88", "num_branches": 140, "num_partial_branches": 13, "covered_branches": 117, "missing_branches": 23, "percent_branches_covered": 83.57142857142857, "percent_branches_covered_display": "83.57"}, "missing_lines": [167, 172, 177, 313, 314, 315, 316, 317, 318, 319, 320, 321, 326, 339, 340, 341, 342, 343, 344, 356, 357, 359, 363, 388, 392, 493, 523, 524, 531], "excluded_lines": [], "start_line": 57, "executed_branches": [[69, 70], [69, 74], [89, 90], [89, 94], [94, 95], [94, 99], [108, 109], [108, 113], [113, 114], [113, 118], [120, 121], [120, 124], [124, 125], [124, 131], [139, 140], [139, 144], [144, 145], [144, 149], [149, 150], [149, 155], [156, 157], [156, 162], [162, 163], [162, 199], [166, 171], [171, 176], [176, 181], [199, 200], [199, 203], [204, 205], [204, 215], [215, 216], [215, 226], [226, 227], [250, 251], [250, 255], [255, 256], [255, 260], [260, 261], [260, 263], [264, 265], [264, 272], [278, 279], [278, 283], [293, 294], [293, 295], [305, 306], [305, 308], [312, 323], [331, 332], [337, 338], [347, 348], [347, 349], [349, 350], [349, 352], [353, 354], [353, 362], [358, 360], [362, 364], [369, 370], [369, 371], [372, 373], [372, 375], [381, 382], [381, 383], [383, 384], [383, 386], [387, 389], [389, 390], [389, 391], [391, 393], [397, 398], [397, 400], [426, 427], [426, 431], [428, 429], [428, 431], [459, 460], [459, 462], [462, 463], [462, 468], [471, 472], [471, 473], [473, 474], [473, 476], [492, 498], [500, 501], [500, 512], [502, 503], [502, 508], [513, 514], [513, 521], [515, 516], [515, 521], [526, 527], [526, 535], [530, 526], [547, 548], [547, 555], [557, 558], [557, 560], [560, 561], [560, 563], [563, 564], [563, 566], [569, 570], [569, 579], [580, 581], [580, 582], [582, 583], [582, 585], [587, 588], [587, 599], [599, 600], [599, 611], [611, 612], [611, 627]], "missing_branches": [[166, 167], [171, 172], [176, 177], [226, 241], [312, 313], [314, 315], [314, 316], [318, 319], [318, 320], [320, 321], [320, 323], [331, -328], [337, 339], [339, 340], [339, 344], [341, 342], [341, 343], [358, 359], [362, 363], [387, 388], [391, 392], [492, 493], [530, 531]]}, "OrderItemViewSet": {"executed_lines": [635, 636, 637, 640, 641, 642, 645], "summary": {"covered_lines": 7, "num_statements": 7, "percent_covered": 100.0, "percent_covered_display": "100.00", "missing_lines": 0, "excluded_lines": 0, "percent_statements_covered": 100.0, "percent_statements_covered_display": "100.00", "num_branches": 4, "num_partial_branches": 0, "covered_branches": 4, "missing_branches": 0, "percent_branches_covered": 100.0, "percent_branches_covered_display": "100.00"}, "missing_lines": [], "excluded_lines": [], "start_line": 629, "executed_branches": [[635, 636], [635, 637], [641, 642], [641, 645]], "missing_branches": []}, "ReturnRequestViewSet": {"executed_lines": [656, 657, 662, 663, 664, 665, 666, 667, 668, 671, 672, 673, 676, 678, 679, 681, 682, 683, 684, 686, 687, 688, 689, 691, 692, 697, 698, 699, 701, 702, 707, 708, 709, 711, 715, 716, 717, 718, 719, 720, 721, 722, 723, 724, 728, 732, 733, 734, 735, 736, 737, 738, 739, 740, 741, 745, 749, 750, 751, 752, 753, 754, 759, 760, 764, 765, 766, 771, 777, 778, 779, 780, 781, 782, 783, 784, 785, 787, 788], "summary": {"covered_lines": 79, "num_statements": 79, "percent_covered": 99.08256880733946, "percent_covered_display": "99.08", "missing_lines": 0, "excluded_lines": 0, "percent_statements_covered": 100.0, "percent_statements_covered_display": "100.00", "num_branches": 30, "num_partial_branches": 1, "covered_branches": 29, "missing_branches": 1, "percent_branches_covered": 96.66666666666667, "percent_branches_covered_display": "96.67"}, "missing_lines": [], "excluded_lines": [], "start_line": 650, "executed_branches": [[662, 663], [662, 668], [665, 666], [665, 667], [671, 672], [671, 673], [678, 679], [678, 681], [691, 692], [691, 697], [697, 698], [697, 701], [698, 699], [701, 702], [701, 707], [715, 716], [715, 717], [718, 719], [718, 720], [732, 733], [732, 734], [735, 736], [735, 737], [749, 750], [749, 751], [759, 760], [759, 764], [765, 766], [765, 771]], "missing_branches": [[698, 701]]}, "": {"executed_lines": [1, 2, 4, 5, 6, 8, 9, 10, 11, 12, 13, 14, 15, 17, 18, 19, 20, 21, 22, 27, 28, 29, 32, 33, 34, 35, 38, 39, 40, 41, 43, 44, 57, 58, 59, 60, 61, 63, 64, 86, 87, 105, 106, 136, 137, 243, 244, 292, 297, 325, 328, 335, 346, 366, 395, 411, 412, 447, 448, 629, 630, 631, 632, 634, 639, 650, 651, 652, 653, 655, 670, 675, 713, 714, 730, 731, 747, 748], "summary": {"covered_lines": 78, "num_statements": 78, "percent_covered": 100.0, "percent_covered_display": "100.00", "missing_lines": 0, "excluded_lines": 0, "percent_statements_covered": 100.0, "percent_statements_covered_display": "100.00", "num_branches": 0, "num_partial_branches": 0, "covered_branches": 0, "missing_branches": 0, "percent_branches_covered": 100.0, "percent_branches_covered_display": "100.00"}, "missing_lines": [], "excluded_lines": [], "start_line": 1, "executed_branches": [], "missing_branches": []}}}}, "totals": {"covered_lines": 750, "num_statements": 842, "percent_covered": 87.96992481203007, "percent_covered_display": "87.97", "missing_lines": 92, "excluded_lines": 0, "percent_statements_covered": 89.07363420427554, "percent_statements_covered_display": "89.07", "num_branches": 222, "num_partial_branches": 18, "covered_branches": 186, "missing_branches": 36, "percent_branches_covered": 83.78378378378379, "percent_branches_covered_display": "83.78"}}